<?xml version="1.0" encoding="UTF-8"?>
<testng-results ignored="0" total="1" passed="1" failed="0" skipped="0">
  <reporter-output>
  </reporter-output>
  <suite started-at="2025-06-15T19:08:55 EDT" name="Default suite" finished-at="2025-06-15T19:08:59 EDT" duration-ms="3848">
    <groups>
    </groups>
    <test started-at="2025-06-15T19:08:55 EDT" name="Default test" finished-at="2025-06-15T19:08:59 EDT" duration-ms="3848">
      <class name="testcases.HomePageTest">
        <test-method is-config="true" signature="init()[pri:0, instance:testcases.HomePageTest@5b8dfcc1]" started-at="2025-06-15T19:08:55 EDT" name="init" finished-at="2025-06-15T19:08:57 EDT" duration-ms="1980" status="PASS">
          <reporter-output>
          </reporter-output>
        </test-method> <!-- init -->
        <test-method signature="CombinationPlierHeadAsseriton()[pri:0, instance:testcases.HomePageTest@5b8dfcc1]" started-at="2025-06-15T19:08:57 EDT" name="CombinationPlierHeadAsseriton" finished-at="2025-06-15T19:08:58 EDT" duration-ms="600" status="PASS">
          <reporter-output>
          </reporter-output>
        </test-method> <!-- CombinationPlierHeadAsseriton -->
        <test-method is-config="true" signature="quitBrowser()[pri:0, instance:testcases.HomePageTest@5b8dfcc1]" started-at="2025-06-15T19:08:58 EDT" name="quitBrowser" finished-at="2025-06-15T19:08:59 EDT" duration-ms="1232" status="PASS">
          <reporter-output>
          </reporter-output>
        </test-method> <!-- quitBrowser -->
      </class> <!-- testcases.HomePageTest -->
    </test> <!-- Default test -->
  </suite> <!-- Default suite -->
</testng-results>
